<?xml version="1.0" encoding="UTF-8"?>
<!-- Generated by org.testng.reporters.JUnitReportReporter -->
<testsuite hostname="DESKTOP-0ERKDPK" failures="0" tests="1" name="ExtentReport.ExtentReportWithSSCREENSHOT" time="16.542" errors="0" timestamp="2023-12-23T14:44:05 IST" skipped="0">
  <testcase classname="ExtentReport.ExtentReportWithSSCREENSHOT" name="report" time="16.542"/>
  <system-out/>
</testsuite> <!-- ExtentReport.ExtentReportWithSSCREENSHOT -->
