<?xml version="1.0" encoding="UTF-8"?>
<!-- Generated by org.testng.reporters.JUnitReportReporter -->
<testsuite hostname="DESKTOP-0ERKDPK" failures="0" tests="1" name="ExtentReport.Program" time="1.433" errors="0" timestamp="2023-12-23T14:21:43 IST" skipped="0">
  <testcase classname="ExtentReport.Program" name="report" time="1.433"/>
  <system-out/>
</testsuite> <!-- ExtentReport.Program -->
