<?xml version="1.0" encoding="UTF-8"?>
<!-- Generated by org.testng.reporters.JUnitReportReporter -->
<testsuite hostname="DESKTOP-0ERKDPK" failures="0" tests="1" name="testscripts.RegisterTest" time="3.072" errors="0" timestamp="2023-12-23T13:29:47 IST" skipped="0">
  <testcase classname="testscripts.RegisterTest" name="testcase" time="3.072"/>
  <system-out/>
</testsuite> <!-- testscripts.RegisterTest -->
