<?xml version="1.0" encoding="UTF-8"?>
<!-- Generated by org.testng.reporters.JUnitReportReporter -->
<testsuite hostname="DESKTOP-0ERKDPK" failures="0" tests="1" name="project1.myntraTest" time="11.084" errors="0" timestamp="2023-12-20T14:44:59 IST" skipped="0">
  <testcase classname="project1.myntraTest" name="myntra" time="11.084"/>
  <system-out/>
</testsuite> <!-- project1.myntraTest -->
