<?xml version="1.0" encoding="UTF-8"?>
<!-- Generated by org.testng.reporters.JUnitReportReporter -->
<testsuite hostname="DESKTOP-0ERKDPK" failures="0" tests="1" name="project1.amazonTest" time="15.583" errors="0" timestamp="2023-12-20T14:40:27 IST" skipped="0">
  <testcase classname="project1.amazonTest" name="amazon" time="15.583"/>
  <system-out/>
</testsuite> <!-- project1.amazonTest -->
