<?xml version="1.0" encoding="UTF-8"?>
<!-- Generated by org.testng.reporters.JUnitReportReporter -->
<testsuite hostname="DESKTOP-0ERKDPK" failures="0" tests="1" name="project1.SampleTest" time="0.049" errors="0" timestamp="2023-12-20T14:24:20 IST" skipped="0">
  <testcase classname="project1.SampleTest" name="testcase" time="0.049"/>
  <system-out>
    <![CDATA[hii]]>
  </system-out>
</testsuite> <!-- project1.SampleTest -->
